# JRE version: OpenJDK Runtime Environment (12.0.2+10) (build 12.0.2+10)
# Java VM: OpenJDK 64-Bit Server VM (12.0.2+10, mixed mode, sharing, tiered, compressed oops, g1 gc, windows-amd64)
Heap:
 garbage-first heap   total 63488K, used 29405K [0x00000000c2200000, 0x0000000100000000)
  region size 1024K, 28 young (28672K), 1 survivors (1024K)
 Metaspace       used 11458K, capacity 11846K, committed 12160K, reserved 1060864K
  class space    used 1176K, capacity 1312K, committed 1408K, reserved 1048576K
GC Heap History (8 events):
Event: 6.826 GC heap before
{Heap before GC invocations=0 (full 0):
 garbage-first heap   total 63488K, used 7168K [0x00000000c2200000, 0x0000000100000000)
  region size 1024K, 7 young (7168K), 0 survivors (0K)
 Metaspace       used 8707K, capacity 9052K, committed 9216K, reserved 1056768K
  class space    used 1042K, capacity 1177K, committed 1280K, reserved 1048576K
}
Event: 6.851 GC heap after
{Heap after GC invocations=1 (full 0):
 garbage-first heap   total 63488K, used 2279K [0x00000000c2200000, 0x0000000100000000)
  region size 1024K, 1 young (1024K), 1 survivors (1024K)
 Metaspace       used 8707K, capacity 9052K, committed 9216K, reserved 1056768K
  class space    used 1042K, capacity 1177K, committed 1280K, reserved 1048576K
}
Event: 7.476 GC heap before
{Heap before GC invocations=1 (full 0):
 garbage-first heap   total 63488K, used 4327K [0x00000000c2200000, 0x0000000100000000)
  region size 1024K, 3 young (3072K), 1 survivors (1024K)
 Metaspace       used 9331K, capacity 9697K, committed 9984K, reserved 1058816K
  class space    used 1096K, capacity 1243K, committed 1280K, reserved 1048576K
}
Event: 7.484 GC heap after
{Heap after GC invocations=2 (full 0):
 garbage-first heap   total 63488K, used 2793K [0x00000000c2200000, 0x0000000100000000)
  region size 1024K, 1 young (1024K), 1 survivors (1024K)
 Metaspace       used 9331K, capacity 9697K, committed 9984K, reserved 1058816K
  class space    used 1096K, capacity 1243K, committed 1280K, reserved 1048576K
}
Event: 17.620 GC heap before
{Heap before GC invocations=2 (full 0):
 garbage-first heap   total 63488K, used 12009K [0x00000000c2200000, 0x0000000100000000)
  region size 1024K, 10 young (10240K), 1 survivors (1024K)
 Metaspace       used 9918K, capacity 10285K, committed 10496K, reserved 1058816K
  class space    used 1108K, capacity 1244K, committed 1280K, reserved 1048576K
}
Event: 17.627 GC heap after
{Heap after GC invocations=3 (full 0):
 garbage-first heap   total 63488K, used 2754K [0x00000000c2200000, 0x0000000100000000)
  region size 1024K, 1 young (1024K), 1 survivors (1024K)
 Metaspace       used 9918K, capacity 10285K, committed 10496K, reserved 1058816K
  class space    used 1108K, capacity 1244K, committed 1280K, reserved 1048576K
}
Event: 46.471 GC heap before
{Heap before GC invocations=3 (full 0):
 garbage-first heap   total 63488K, used 25282K [0x00000000c2200000, 0x0000000100000000)
  region size 1024K, 23 young (23552K), 1 survivors (1024K)
 Metaspace       used 11177K, capacity 11526K, committed 11648K, reserved 1058816K
  class space    used 1176K, capacity 1312K, committed 1408K, reserved 1048576K
}
Event: 46.475 GC heap after
{Heap after GC invocations=4 (full 0):
 garbage-first heap   total 63488K, used 2781K [0x00000000c2200000, 0x0000000100000000)
  region size 1024K, 1 young (1024K), 1 survivors (1024K)
 Metaspace       used 11177K, capacity 11526K, committed 11648K, reserved 1058816K
  class space    used 1176K, capacity 1312K, committed 1408K, reserved 1048576K
}

